2.00029440166
2.00033997834
2.00035133582
2.00043609535
2.0004815467
2.00050486681
2.00055361548
2.00063483694
2.0006403187
2.00064400875
2.000702783
2.00079452121
2.00089045027
2.00098721603
2.00103940544
2.00113629931
2.00117292847
2.00119283218
2.0012696111
2.00126902389
2.001322833
2.00132382769
2.00137576585
2.00137424502
2.00142854328
2.00147893893
2.0014933246
2.0015191259
2.0015608393
2.00161592729
2.0016982232
2.00175815434
2.001795177
2.0018266399
2.00186269093
2.00191892606
2.00194389227
2.00194816706
2.00196156078
2.0019762292
2.0019930329
2.00202126026
2.00208930609
2.00213872973
2.00215320459
2.0021567351
2.00221957261
2.00226955989
2.00233822315
2.00238431087
2.00242520168
2.002522237
2.00256900601
2.00260517787
2.00269707334
2.00275870164
2.00279611118
2.00288341028
2.00295196433
2.00296204532
2.00301804649
2.00306193698
2.00311355052
2.00316343777
2.00324517372
2.003310767
2.00336624986
2.00338456153
2.00347426777
2.00356157302
2.00359793808
2.00361709288
2.00366928005
2.00374764147
2.00377813102
2.00384315916
2.00384390572
2.00384808363
2.00386159058
2.0038965369
2.00392069849
2.00393399396
2.00400497496
2.00409550118
2.0041564141
2.00416018329
2.00419953483
2.00423188277
2.00423876118
2.00431507518
2.00437318712
2.0044385682
2.00445314936
2.0044886153
2.00453813276
2.00460762809
2.00464609808
2.00469652793
2.00470408379
2.00474776781
2.00479814148
2.0048691198
2.00487383777
2.00490867875
2.00497551456
2.00497954223
2.00503201509
2.00506327298
2.00510897637
2.00518035487
2.00527763722
2.00536735014
2.00544019619
2.00550723129
2.00553665802
2.00561988763
2.00564619421
2.00571498959
2.00577378137
2.00577765467
2.00582697549
2.00586784058
2.00587091109
2.00596836491
2.00606132335
2.00615602893
2.00618289954
2.00622684462
2.00632184894
2.00636975664
2.00639285854
2.00643747669
2.00644477435
2.00648148507
2.00649350669
2.00655545399
2.00659292877
2.00662201107
2.00671276867
2.00677221829
2.00685114095
2.00694266358
2.0070277825
2.00703777041
2.00705593908
2.00708405144
2.00709821607
2.00714522613
2.00716726957
2.00723997066
2.0072732794
2.00735260277
2.00738142328
2.00745030754
2.0074787667
2.00752111189
2.00752575491
2.00760862346
2.0076527424
2.00772798862
2.00778177151
2.00785704148
2.00789063424
2.0079056094
2.00797120417
2.00805033446
2.0080982287
2.00809893396
2.00810300472
2.00812823275
2.00820649779
2.00829950481
2.00837928134
2.00846172673
2.00854329733
2.00855155501
2.00860643715
2.00860903833
2.00862245716
2.00867071876
2.00868053263
2.0087233866
2.00873816169
2.00881820082
2.00882258457
2.00882138309
2.00889186254
2.00896326451
2.00904794168
2.0090837915
2.00910377816
2.00918092738
2.00923483973
2.00928572297
2.009322735
2.0093593497
2.0093755297
2.0093964017
2.00948066018
2.00949333197
2.00954600185
2.00955980887
2.00959558017
2.00959745095
2.00963482648
2.0097158075
2.00978252949
2.00986956007
2.00995622342
2.00999132266
2.01008473733
2.01013326583
2.01017667873
2.01022521794
2.01027715942
2.01031927375
2.01036064879
2.01038090859
2.01046569269
2.01047889287
2.01048486364
2.01049319061
2.01058953963
2.01059405543
2.010671329
2.01076014735
2.01077799697
2.01087594004
2.01089597456
2.01095343909
2.01099222134
2.01106248065
2.01109811402
2.01110942038
2.01118078039
2.01121449549
2.01124306452
2.01131020936
2.0113721552
2.01139695486
2.01148071052
2.01148911416
2.01154296755
2.01163798117
2.01167466668
2.01168893937
2.01176286124
2.01178479354
2.01180046806
2.01184358151
2.01193317614
2.01202713589
2.01206039806
2.01213514837
2.01223097252
2.01228079037
2.01234065484
2.01236160319
2.01241906771
2.01248450337
2.01252239381
2.0125270512
2.01260756793
2.01267474633
2.01274151874
2.01283933656
2.01288967596
2.01295964142
2.01296527935
2.0130555308
2.01313368612
2.01318000477
2.0132685603
2.01333996883
2.01338494031
2.01342504772
2.01344625905
2.01352159169
2.01359248127
2.01365900824
2.01369254602
2.01369620821
2.0137079391
2.01371669067
2.0137236749
2.01374645924
2.01380106559
2.01387587158
2.01389421579
2.01393105826
2.01400158554
2.01406326948
2.01408458747
2.01408641901
2.01411482789
2.01419794834
2.01422345715
2.01425750397
2.01428055677
2.01432056859
2.01437506686
2.01443281008
2.01446813219
2.01451593642
2.01454658039
2.01462430726
2.01462564054
2.01469371237
2.01477849448
2.01484519239
2.01491294103
2.01494916047
2.01502346709
2.01504202801
2.01510035191
2.0151678828
2.01523988036
2.01526119546
2.01535745736
2.0153658847
2.01538135435
2.01547113881
2.01551117049
2.01559899604
2.01562584964
2.01564723096
2.01565268705
2.01567951276
2.01569618482
2.01570890571
2.01577280055
2.01578854137
2.01587002559
2.01596757568
2.01602894
2.01611463214
2.01619679764
2.01620370579
2.01622213196
2.01622915357
2.01626395564
2.01631093707
2.01637842589
2.01645290296
2.01650063976
2.01651383272
2.01656516582
2.01661830248
2.01662211031
2.0166837252
2.01671584702
2.01672638315
2.01675949656
2.01681061025
2.01683455925
2.01688977677
2.01695283481
2.01698056406
2.01701607341
2.01710375685
2.01719437875
2.01726897369
2.01727127748
2.01727030256
2.01733191501
2.01739474295
2.01748614386
2.01750464383
2.01752138215
2.01758139386
2.01762040798
2.0176253875
2.01767044183
2.017695638
2.017748927
2.01780989713
2.0178666566
2.01792534935
2.01795284953
2.01804567696
2.01811457706
2.01812816611
2.01813860903
2.01819251104
2.01819616784
2.01825155218
2.01827686347
2.01828301877
2.01832045651
2.01836589865
2.01838976795
2.01841697995
2.01843599627
2.0184616879
2.0184944716
2.01851591787
2.01860909088
2.01868807478
2.01872994327
2.01876467437
2.0187833467
2.01883105111
2.01888971568
2.01895741352
2.01901213491
2.01903356937
2.0190738634
2.01914020528
2.01915970066
2.01916251556
2.01924065484
2.01933363692
2.01934383524
2.01935682494
2.0194392271
2.01951483149
2.01959342036
2.01963861465
2.01967792282
2.01976038254
2.01984073577
2.01990267204
2.01999766254
2.02007485677
2.02009583432
2.02018424589
2.0202101884
2.02027187615
2.02029408556
2.02030156035
2.02032537111
2.0204111482
2.0204861764
2.02057198316
2.02059659007
2.02059936949
2.02066839571
2.02070402507
2.0207726609
2.02081900312
2.02090363041
2.02097503899
2.02102392183
2.02108273482
2.02116851943
2.02122369436
2.0212389456
2.02127443538
2.02130926341
2.02137685736
2.02142068637
2.02146216151
2.02150971344
2.02158771476
2.02164235773
2.02164617263
2.02167358701
2.02175661907
2.02177277314
2.02185238288
2.02193240641
2.0219672451
2.02197518392
2.02201330963
2.02206231274
2.02206245049
2.02214569308
2.02221430586
2.02229457135
2.02232843809
2.02235178595
2.02235637675
2.02242065241
2.02246368
2.0225247681
2.02256649795
2.02266045786
2.02271543139
2.02280481517
2.02285814669
2.02289571979
2.02296593464
2.02298908186
2.02299658146
2.02301404864
2.02302015222
2.02302064253
2.02306565735
2.02312122349
2.02315116266
2.02323530711
2.02329940871
2.02334970628
2.02335266319
2.0234415352
2.02350598978
2.0235142857
2.0235573195
2.02356410868
2.02358751142
2.02367137593
2.0236788837
2.02370407303
2.02370711629
2.02375114887
2.02379274334
2.023870182
2.02393576975
2.02400890052
2.02402185727
2.02404327696
2.02406822122
2.0241058644
2.02419453297
2.02421162208
2.0242295205
2.02428507757
2.02436696597
2.02436532302
2.02436774106
2.02437265472
2.02437256582
2.02438496998
2.02439875627
2.02445152113
2.02446130041
2.02448077509
2.02448593824
2.02452272026
2.02457551643
2.02465837425
2.02471748638
2.02474652394
2.02482707573
2.02490546345
2.02498199825
2.0250697477
2.02509255685
2.02517239283
2.02526498697
2.02529479391
2.025317936
2.02539416411
2.02540008321
2.02542781557
2.02548402804
2.02555613921
2.02561564781
2.02570550652
2.0257228663
2.02575792175
2.02579969524
2.02580372633
2.02582750877
2.02591351238
2.02598689197
2.02604662562
2.02612334709
2.02613020722
2.02620573999
2.02621483324
2.02624546766
2.02627386136
2.0263645569
2.02638362372
2.02646382431
2.02653967583
2.02663759214
2.02669226426
2.02673267463
2.02679226062
2.02683579063
2.02692499996
2.0269980793
2.02704520765
2.02713786336
2.02715995447
2.02717536671
2.0271785978
2.02719404518
2.02726844778
2.02726684527
2.02726803618
2.02733313006
2.02737365211
2.0273766233
2.02746621193
2.02746944117
2.02754862161
2.02763998888
2.02767891963
2.02768831626
2.02771155945
2.02774763373
2.02781266906
2.02781577232
2.02790059751
2.02794460037
2.02801596082
2.02806342531
2.02812593532
2.02814875713
2.02822117389
2.02829802368
2.02835614347
2.0284129837
2.0285075782
2.02858238438
2.02861148196
2.02861412613
2.02870255485
2.02878182741
2.02886786135
2.02892127152
2.02894222865
2.02894573918
2.02901212762
2.02906400489
2.02916103225
2.0292567661
2.02933820138
2.02935770492
2.02945553939
2.02950732859
2.02953811269
2.02954444664
2.02957355062
2.0296201014
2.0296911923
2.02976036325
2.02982140455
2.02986508203
2.02988311602
2.02991850872
2.02994162255
2.02998891227
2.02999005985
2.03005741132
2.03005645357
2.0300792592
2.03015682726
2.03019706932
2.03024010576
2.03031296488
2.03032893224
2.03033407648
2.03036594189
2.0304541971
2.0305486109
2.03060575104
2.03066719788
2.03069495826
2.03071254297
2.03073032038
2.03080325009
2.03083773621
2.0308582266
2.03086745955
2.03088508411
2.03091664561
2.03095502833
2.03101552847
2.03108939973
2.03118110821
2.03117969357
2.03118392752
2.0312116487
2.03128136004
2.03128259747
2.03134235763
2.03139308752
2.03148243774
2.03150228951
2.03150098616
2.03154848341
2.03157111685
2.03165409967
2.03168755849
2.03174930103
2.0318162237
2.03190467069
2.03197516692
2.03203805035
2.03208425766
2.03208241409
2.0321225355
2.0322037494
2.03225761463
2.03233091533
2.03242290506
2.03245141475
2.03247015679
2.0325633759
2.03264978412
2.03267492885
2.03274835084
2.03276901897
2.03280986507
2.03281136762
2.03285142248
2.03293233438
2.03295582085
2.03302465871
2.03304858841
2.03308044024
2.03312008329
2.03315902251
2.03317471236
2.03320379944
2.03323394221
2.03329282394
2.03332764693
2.03336706239
2.03341888608
2.03349309905
2.03358244039
2.03364213875
2.03365432674
2.03365925022
2.03373676962
2.03374329016
2.03375432205
2.03375259727
2.03384483581
2.03388990263
2.03396149138
2.03398679987
2.03407037239
2.03414361871
2.03423517741
2.03431734023
2.03439359629
2.03443878254
2.03450470592
2.03459852257
2.03462717481
2.03464591731
2.03467027815
2.03473040522
2.03480833754
2.03486468074
2.03488060393
2.03497451232
2.03502548201
2.03504510771
2.03509797382
2.03516948382
2.03521458281
2.03527964344
2.03530695491
2.03532139283
2.03539606609
2.03548765995
2.03556404206
2.03565750367
2.03569841095
2.03573980854
2.03581948507
2.03587559521
2.03590884237
2.03594130325
2.0359483852
2.03595345096
2.03595373418
2.03602259544
2.03606279892
2.03608063091
2.03614170287
2.03614186439
2.03619653039
2.03619966223
2.03628056766
2.03633882372
2.03639498069
2.0364836274
2.0364867523
2.03656271222
2.03662695357
2.03664461908
2.03669316882
2.03669259444
2.03675372205
2.03675635213
2.03682406453
2.036902927
2.03691236757
2.03696666682
2.03699269539
2.03701518792
2.03709054325
2.03713184718
2.03719235239
2.03727840845
2.03729357235
2.03734681475
2.03738341691
2.03740981334
2.03749651889
2.03758668809
2.03765121646
2.03767560345
2.03776160163
2.03776322758
2.03781099495
2.03790841853
2.03791010334
2.03792445696
2.03797622535
2.03803041546
2.03811074488
2.03811703839
2.03819498895
2.03827729193
2.03829139736
2.03834119503
2.03839675226
2.0384727721
2.03852785927
2.03853612577
2.03854617045
2.03858677541
2.03860897823
2.03869203548
2.03871505983
2.03873586622
2.03877274139
2.03882179863
2.03882173102
2.03883518155
2.03887168767
2.03890907465
2.03893532845
2.03897917637
2.03904698907
2.03912241766
2.03919903723
2.03926836301
2.03934237111
2.0394271388
2.03948089046
2.03956212349
2.03961067528
2.03964649601
2.03970192444
2.03977424978
2.03977240692
2.03977626118
2.03983312607
2.03993093819
2.03998706443
2.04004054121
2.04011944591
2.04016259411
2.04025759643
2.04030814054
2.04038484677
2.04041038813
2.04047450012
2.04054098593
2.04062833541
2.04063440966
2.04069088555
2.04073087768
2.04079881149
2.04082962135
2.04086838018
2.04090387262
2.0409285454
2.04097093111
2.0410200597
2.04109035407
2.04113215003
2.04113831848
2.0411671153
2.04118568501
2.04122142219
2.04124390378
2.04125973503
2.04132926908
2.04139113086
2.04144085704
2.04146552108
2.04150085788
2.04156353859
2.04163032488
2.04166123398
2.04166480057
2.04174480065
2.04184240381
2.04190292819
2.04197055422
2.04200052643
2.04202768695
2.04209309436
2.04213272675
2.04216207008
2.0422592373
2.04234577173
2.0424085996
2.04242078077
2.04249509869
2.04251343783
2.04252643785
2.04257307755
2.04266479631
2.04271364612
2.04274791195
2.04282218802
2.04289769253
2.04290997518
2.04299997354
2.04308759646
2.04314461281
2.0432123663
2.04326964063
2.04331428282
2.04331580368
2.04336230992
2.04340282556
2.04345096979
2.04352024339
2.0435597802
2.04355904135
2.0436290123
2.04369078547
2.04373079762
2.04374398281
2.04383950809
2.04386178525
2.04393919058
2.04399389557
2.04402057072
2.04411709774
2.04413324714
2.04420383724
2.04421077408
2.04428158802
2.04434502834
2.04444261899
2.04450822203
2.04454745978
2.04463458075
2.04469140906
2.04477728158
2.04483945112
2.04491880144
2.04500062097
2.04500998336
2.04510725206
2.04515526084
2.04517658095
2.04519916583
2.04529262413
2.04538881937
2.04541475635
2.04541703185
2.04547609135
2.04557299264
2.04557199294
2.04561856825
2.0456764329
2.04574753784
2.04584317374
2.04586366445
2.04591353549
2.04593686999
2.04603247142
2.04604708422
2.04613561614
2.0461956486
2.04624872928
2.04627502677
2.04630231007
2.04632134316
2.04632996797
2.04639746996
2.04644530995
2.04646448876
2.04649081622
2.04650865526
2.0465098804
2.04659051233
2.04659431621
2.04660359429
2.04667511596
2.04670554003
2.04674814324
2.04679000768
2.04681758652
2.0469139415
2.04699076391
2.04702682398
2.04709903394
2.04710299233
2.04714923371
2.04721365382
2.04727927086
2.04728559773
2.04736808036
2.04741113021
